[0m[[0m[0mdebug[0m] [0m[0m> Exec(early(addDefaultCommands), None, None)[0m
[0m[[0m[0mdebug[0m] [0m[0m> Exec(addDefaultCommands, None, None)[0m
[0m[[0m[0mdebug[0m] [0m[0m> Exec(early(initialize), None, None)[0m
[0m[[0m[0mdebug[0m] [0m[0m> Exec(initialize, None, None)[0m
[0m[[0m[0mdebug[0m] [0m[0m> Exec(boot, None, None)[0m
[0m[[0m[0mdebug[0m] [0m[0m> Exec(writeSbtVersion, None, None)[0m
[0m[[0m[0mdebug[0m] [0m[0m> Exec(reload, None, None)[0m
[0m[[0m[0mdebug[0m] [0m[0m> Exec(sbtStashOnFailure, None, None)[0m
[0m[[0m[0mdebug[0m] [0m[0m> Exec(onFailure loadFailed, None, None)[0m
[0m[[0m[0mdebug[0m] [0m[0m> Exec(loadp, None, None)[0m
[0m[[0m[0minfo[0m] [0m[0mwelcome to sbt 1.11.4 (Eclipse Adoptium Java 11.0.28)[0m
[0m[[0m[0mdebug[0m] [0m[0mLoad.defaultLoad until apply took 208.9473ms[0m
[0m[[0m[0mdebug[0m] [0m[0m                Load.loadUnit: plugins took 134.5933ms[0m
[0m[[0m[0mdebug[0m] [0m[0m                Load.loadUnit: defsScala took 0.4426ms[0m
[0m[[0m[0mdebug[0m] [0m[0m[Loading] Scanning directory C:\Users\benja\ethernet-mac-chisel\project\project[0m
[0m[[0m[0mdebug[0m] [0m[0m                  Load.loadUnit: mkEval took 12.5974ms[0m
[0m[[0m[0mdebug[0m] [0m[0m[Loading] Found non-root projects [0m
[0m[[0m[0mdebug[0m] [0m[0m[Loading] Done in C:\Users\benja\ethernet-mac-chisel\project\project, returning: ()[0m
[0m[[0m[0mdebug[0m] [0m[0mdeducing auto plugins based on known facts Set(Atom(sbt.plugins.CorePlugin)) and clauses Clauses(Clause(Atom(sbt.plugins.JvmPlugin),Set(Atom(sbt.plugins.IvyPlugin)))[0m
[0m[[0m[0mdebug[0m] [0m[0mClause(Atom(sbt.ScriptedPlugin),Set(Atom(sbt.plugins.JvmPlugin)))[0m
[0m[[0m[0mdebug[0m] [0m[0mClause(Atom(sbt.plugins.SbtPlugin),Set(Atom(sbt.ScriptedPlugin)))[0m
[0m[[0m[0mdebug[0m] [0m[0mClause(Atom(sbt.plugins.SemanticdbPlugin),Set(Atom(sbt.plugins.JvmPlugin)))[0m
[0m[[0m[0mdebug[0m] [0m[0mClause(Atom(sbt.plugins.JUnitXmlReportPlugin),Set(Atom(sbt.plugins.JvmPlugin)))[0m
[0m[[0m[0mdebug[0m] [0m[0mClause(Atom(sbt.plugins.MiniDependencyTreePlugin),Set(Atom(sbt.plugins.JvmPlugin)))[0m
[0m[[0m[0mdebug[0m] [0m[0mClause(Atom(sbt.plugins.CorePlugin),Set(Atom(sbt.plugins.IvyPlugin)))[0m
[0m[[0m[0mdebug[0m] [0m[0mClause(Atom(sbt.plugins.IvyPlugin),Set(Atom(sbt.plugins.JvmPlugin)))[0m
[0m[[0m[0mdebug[0m] [0m[0mClause(Atom(sbt.plugins.JvmPlugin),Set(Atom(sbt.plugins.SemanticdbPlugin)))[0m
[0m[[0m[0mdebug[0m] [0m[0mClause(Atom(sbt.plugins.JvmPlugin),Set(Atom(sbt.plugins.JUnitXmlReportPlugin)))[0m
[0m[[0m[0mdebug[0m] [0m[0mClause(Atom(sbt.plugins.CorePlugin),Set(Atom(sbt.plugins.Giter8TemplatePlugin)))[0m
[0m[[0m[0mdebug[0m] [0m[0mClause(Atom(sbt.plugins.JvmPlugin),Set(Atom(sbt.plugins.MiniDependencyTreePlugin))))[0m
[0m[[0m[0mdebug[0m] [0m[0m  :: deduced result: Matched(sbt.plugins.CorePlugin,sbt.plugins.Giter8TemplatePlugin,sbt.plugins.IvyPlugin,sbt.plugins.JvmPlugin,sbt.plugins.MiniDependencyTreePlugin,sbt.plugins.JUnitXmlReportPlugin,sbt.plugins.SemanticdbPlugin)[0m
[0m[[0m[0mdebug[0m] [0m[0mPlugins.deducer#function took 19.7022 ms[0m
[0m[[0m[0minfo[0m] [0m[0mloading settings for project ethernet-mac-chisel-build-build from metals.sbt...[0m
[0m[[0m[0mdebug[0m] [0m[0m                    Load.resolveProject(ethernet-mac-chisel-build-build) took 41.5464ms[0m
[0m[[0m[0mdebug[0m] [0m[0m                  Load.loadTransitive: finalizeProject(Project(id ethernet-mac-chisel-build-build, base: C:\Users\benja\ethernet-mac-chisel\project\project, plugins: List(<none>))) took 81.0739ms[0m
[0m[[0m[0mdebug[0m] [0m[0m[Loading] Done in C:\Users\benja\ethernet-mac-chisel\project\project, returning: (ethernet-mac-chisel-build-build)[0m
[0m[[0m[0mdebug[0m] [0m[0m                Load.loadUnit: loadedProjectsRaw took 353.5763ms[0m
[0m[[0m[0mdebug[0m] [0m[0m                Load.loadUnit: cleanEvalClasses took 5.4313ms[0m
[0m[[0m[0mdebug[0m] [0m[0m              Load.loadUnit(file:/C:/Users/benja/ethernet-mac-chisel/project/project/, ...) took 501.4953ms[0m
[0m[[0m[0mdebug[0m] [0m[0m            Load.apply: load took 704.9486ms[0m
[0m[[0m[0mdebug[0m] [0m[0m            Load.apply: resolveProjects took 4.0455ms[0m
[0m[[0m[0mdebug[0m] [0m[0m            Load.apply: finalTransforms took 79.3307ms[0m
[0m[[0m[0mdebug[0m] [0m[0m            Load.apply: config.delegates took 17.9765ms[0m
[0m[[0m[0mdebug[0m] [0m[0m            Load.apply: Def.make(settings)... took 791.5783ms[0m
[0m[[0m[0mdebug[0m] [0m[0m            Load.apply: structureIndex took 147.1797ms[0m
[0m[[0m[0mdebug[0m] [0m[0m            Load.apply: mkStreams took 5.3746ms[0m
[0m[[0m[0minfo[0m] [0m[0mloading project definition from C:\Users\benja\ethernet-mac-chisel\project\project[0m
[0m[[0m[0mdebug[0m] [0m[0mRunning task... Cancel: Signal, check cycles: false, forcegc: true[0m
[0m[[0m[0mdebug[0m] [0m[0m          Load.loadUnit: plugins took 3015.4653ms[0m
[0m[[0m[0mdebug[0m] [0m[0m          Load.loadUnit: defsScala took 0.0035ms[0m
[0m[[0m[0mdebug[0m] [0m[0m[Loading] Scanning directory C:\Users\benja\ethernet-mac-chisel\project[0m
[0m[[0m[0mdebug[0m] [0m[0m            Load.loadUnit: mkEval took 0.3045ms[0m
[0m[[0m[0mdebug[0m] [0m[0m[Loading] Found non-root projects [0m
[0m[[0m[0mdebug[0m] [0m[0m[Loading] Done in C:\Users\benja\ethernet-mac-chisel\project, returning: ()[0m
[0m[[0m[0mdebug[0m] [0m[0mdeducing auto plugins based on known facts Set(Atom(sbt.plugins.CorePlugin)) and clauses Clauses(Clause(Atom(sbt.plugins.JvmPlugin),Set(Atom(sbt.plugins.IvyPlugin)))[0m
[0m[[0m[0mdebug[0m] [0m[0mClause(Atom(sbt.ScriptedPlugin),Set(Atom(sbt.plugins.JvmPlugin)))[0m
[0m[[0m[0mdebug[0m] [0m[0mClause(Atom(sbt.plugins.SbtPlugin),Set(Atom(sbt.ScriptedPlugin)))[0m
[0m[[0m[0mdebug[0m] [0m[0mClause(Atom(sbt.plugins.SemanticdbPlugin),Set(Atom(sbt.plugins.JvmPlugin)))[0m
[0m[[0m[0mdebug[0m] [0m[0mClause(Atom(sbt.plugins.JUnitXmlReportPlugin),Set(Atom(sbt.plugins.JvmPlugin)))[0m
[0m[[0m[0mdebug[0m] [0m[0mClause(Atom(sbt.plugins.MiniDependencyTreePlugin),Set(Atom(sbt.plugins.JvmPlugin)))[0m
[0m[[0m[0mdebug[0m] [0m[0mClause(Atom(metals.MetalsPlugin),Set(Atom(sbt.plugins.SemanticdbPlugin)))[0m
[0m[[0m[0mdebug[0m] [0m[0mClause(Atom(org.scaladebugger.SbtJdiTools),Set(Atom(sbt.plugins.JvmPlugin)))[0m
[0m[[0m[0mdebug[0m] [0m[0mClause(Atom(sbt.plugins.CorePlugin),Set(Atom(sbt.plugins.IvyPlugin)))[0m
[0m[[0m[0mdebug[0m] [0m[0mClause(Atom(sbt.plugins.IvyPlugin),Set(Atom(sbt.plugins.JvmPlugin)))[0m
[0m[[0m[0mdebug[0m] [0m[0mClause(Atom(sbt.plugins.JvmPlugin),Set(Atom(sbt.plugins.SemanticdbPlugin)))[0m
[0m[[0m[0mdebug[0m] [0m[0mClause(Atom(sbt.plugins.JvmPlugin),Set(Atom(sbt.plugins.JUnitXmlReportPlugin)))[0m
[0m[[0m[0mdebug[0m] [0m[0mClause(Atom(sbt.plugins.CorePlugin),Set(Atom(sbt.plugins.Giter8TemplatePlugin)))[0m
[0m[[0m[0mdebug[0m] [0m[0mClause(Atom(sbt.plugins.JvmPlugin),Set(Atom(sbt.plugins.MiniDependencyTreePlugin)))[0m
[0m[[0m[0mdebug[0m] [0m[0mClause(Atom(sbt.plugins.SemanticdbPlugin),Set(Atom(metals.MetalsPlugin)))[0m
[0m[[0m[0mdebug[0m] [0m[0mClause(Atom(sbt.plugins.JvmPlugin),Set(Atom(org.scaladebugger.SbtJdiTools))))[0m
[0m[[0m[0mdebug[0m] [0m[0m  :: deduced result: Matched(sbt.plugins.CorePlugin,sbt.plugins.Giter8TemplatePlugin,sbt.plugins.IvyPlugin,sbt.plugins.JvmPlugin,org.scaladebugger.SbtJdiTools,sbt.plugins.MiniDependencyTreePlugin,sbt.plugins.JUnitXmlReportPlugin,sbt.plugins.SemanticdbPlugin,metals.MetalsPlugin)[0m
[0m[[0m[0mdebug[0m] [0m[0mPlugins.deducer#function took 1.9607 ms[0m
[0m[[0m[0minfo[0m] [0m[0mloading settings for project ethernet-mac-chisel-build from metals.sbt...[0m
[0m[[0m[0mdebug[0m] [0m[0m              Load.resolveProject(ethernet-mac-chisel-build) took 5.7763ms[0m
[0m[[0m[0mdebug[0m] [0m[0m            Load.loadTransitive: finalizeProject(Project(id ethernet-mac-chisel-build, base: C:\Users\benja\ethernet-mac-chisel\project, plugins: List(<none>))) took 8.2421ms[0m
[0m[[0m[0mdebug[0m] [0m[0m[Loading] Done in C:\Users\benja\ethernet-mac-chisel\project, returning: (ethernet-mac-chisel-build)[0m
[0m[[0m[0mdebug[0m] [0m[0m          Load.loadUnit: loadedProjectsRaw took 36.4809ms[0m
[0m[[0m[0mdebug[0m] [0m[0m          Load.loadUnit: cleanEvalClasses took 1.1814ms[0m
[0m[[0m[0mdebug[0m] [0m[0m        Load.loadUnit(file:/C:/Users/benja/ethernet-mac-chisel/project/, ...) took 3053.8839ms[0m
[0m[[0m[0mdebug[0m] [0m[0m      Load.apply: load took 3055.4766ms[0m
[0m[[0m[0mdebug[0m] [0m[0m      Load.apply: resolveProjects took 0.1236ms[0m
[0m[[0m[0mdebug[0m] [0m[0m      Load.apply: finalTransforms took 23.153ms[0m
[0m[[0m[0mdebug[0m] [0m[0m      Load.apply: config.delegates took 0.3027ms[0m
[0m[[0m[0mdebug[0m] [0m[0m      Load.apply: Def.make(settings)... took 120.6437ms[0m
[0m[[0m[0mdebug[0m] [0m[0m      Load.apply: structureIndex took 44.8737ms[0m
[0m[[0m[0mdebug[0m] [0m[0m      Load.apply: mkStreams took 0.0029ms[0m
[0m[[0m[0minfo[0m] [0m[0mloading project definition from C:\Users\benja\ethernet-mac-chisel\project[0m
[0m[[0m[0mdebug[0m] [0m[0mRunning task... Cancel: Signal, check cycles: false, forcegc: true[0m
[0m[[0m[0mdebug[0m] [0m[0m    Load.loadUnit: plugins took 3574.8822ms[0m
[0m[[0m[0mdebug[0m] [0m[0m    Load.loadUnit: defsScala took 0.0024ms[0m
[0m[[0m[0mdebug[0m] [0m[0m[Loading] Scanning directory C:\Users\benja\ethernet-mac-chisel[0m
[0m[[0m[0mdebug[0m] [0m[0m      Load.loadUnit: mkEval took 0.5087ms[0m
[0m[[0m[0mdebug[0m] [0m[0m[Loading] Found root project root w/ remaining [0m
[0m[[0m[0mdebug[0m] [0m[0mdeducing auto plugins based on known facts Set(Atom(sbt.plugins.CorePlugin)) and clauses Clauses(Clause(Atom(sbt.plugins.JvmPlugin),Set(Atom(sbt.plugins.IvyPlugin)))[0m
[0m[[0m[0mdebug[0m] [0m[0mClause(Atom(sbt.ScriptedPlugin),Set(Atom(sbt.plugins.JvmPlugin)))[0m
[0m[[0m[0mdebug[0m] [0m[0mClause(Atom(sbt.plugins.SbtPlugin),Set(Atom(sbt.ScriptedPlugin)))[0m
[0m[[0m[0mdebug[0m] [0m[0mClause(Atom(sbt.plugins.SemanticdbPlugin),Set(Atom(sbt.plugins.JvmPlugin)))[0m
[0m[[0m[0mdebug[0m] [0m[0mClause(Atom(sbt.plugins.JUnitXmlReportPlugin),Set(Atom(sbt.plugins.JvmPlugin)))[0m
[0m[[0m[0mdebug[0m] [0m[0mClause(Atom(sbt.plugins.MiniDependencyTreePlugin),Set(Atom(sbt.plugins.JvmPlugin)))[0m
[0m[[0m[0mdebug[0m] [0m[0mClause(Atom(metals.MetalsPlugin),Set(Atom(sbt.plugins.SemanticdbPlugin)))[0m
[0m[[0m[0mdebug[0m] [0m[0mClause(Atom(ch.epfl.scala.debugadapter.sbtplugin.DebugAdapterPlugin),Set(Atom(sbt.plugins.JvmPlugin)))[0m
[0m[[0m[0mdebug[0m] [0m[0mClause(Atom(sbt.plugins.CorePlugin),Set(Atom(sbt.plugins.IvyPlugin)))[0m
[0m[[0m[0mdebug[0m] [0m[0mClause(Atom(sbt.plugins.IvyPlugin),Set(Atom(sbt.plugins.JvmPlugin)))[0m
[0m[[0m[0mdebug[0m] [0m[0mClause(Atom(sbt.plugins.JvmPlugin),Set(Atom(sbt.plugins.SemanticdbPlugin)))[0m
[0m[[0m[0mdebug[0m] [0m[0mClause(Atom(sbt.plugins.JvmPlugin),Set(Atom(sbt.plugins.JUnitXmlReportPlugin)))[0m
[0m[[0m[0mdebug[0m] [0m[0mClause(Atom(sbt.plugins.CorePlugin),Set(Atom(sbt.plugins.Giter8TemplatePlugin)))[0m
[0m[[0m[0mdebug[0m] [0m[0mClause(Atom(sbt.plugins.JvmPlugin),Set(Atom(sbt.plugins.MiniDependencyTreePlugin)))[0m
[0m[[0m[0mdebug[0m] [0m[0mClause(Atom(sbt.plugins.SemanticdbPlugin),Set(Atom(metals.MetalsPlugin)))[0m
[0m[[0m[0mdebug[0m] [0m[0mClause(Atom(sbt.plugins.JvmPlugin),Set(Atom(ch.epfl.scala.debugadapter.sbtplugin.DebugAdapterPlugin))))[0m
[0m[[0m[0mdebug[0m] [0m[0m  :: deduced result: Matched(sbt.plugins.CorePlugin,sbt.plugins.Giter8TemplatePlugin,sbt.plugins.IvyPlugin,sbt.plugins.JvmPlugin,ch.epfl.scala.debugadapter.sbtplugin.DebugAdapterPlugin,sbt.plugins.MiniDependencyTreePlugin,sbt.plugins.JUnitXmlReportPlugin,sbt.plugins.SemanticdbPlugin,metals.MetalsPlugin)[0m
[0m[[0m[0mdebug[0m] [0m[0mPlugins.deducer#function took 1.5879 ms[0m
[0m[[0m[0minfo[0m] [0m[0mloading settings for project root from build.sbt...[0m
[0m[[0m[0mdebug[0m] [0m[0m        Load.resolveProject(root) took 25.849ms[0m
[0m[[0m[0mdebug[0m] [0m[0m      Load.loadTransitive: finalizeProject(Project(id root, base: C:\Users\benja\ethernet-mac-chisel, plugins: List(<none>))) took 28.694ms[0m
[0m[[0m[0mdebug[0m] [0m[0m[Loading] Done in C:\Users\benja\ethernet-mac-chisel, returning: (root)[0m
[0m[[0m[0mdebug[0m] [0m[0m    Load.loadUnit: loadedProjectsRaw took 158.3522ms[0m
[0m[[0m[0mdebug[0m] [0m[0m    Load.loadUnit: cleanEvalClasses took 1.3644ms[0m
[0m[[0m[0mdebug[0m] [0m[0m  Load.loadUnit(file:/C:/Users/benja/ethernet-mac-chisel/, ...) took 3739.6531ms[0m
[0m[[0m[0mdebug[0m] [0m[0mLoad.apply: load took 3770.8321ms[0m
[0m[[0m[0mdebug[0m] [0m[0mLoad.apply: resolveProjects took 0.0906ms[0m
[0m[[0m[0mdebug[0m] [0m[0mLoad.apply: finalTransforms took 9.1066ms[0m
[0m[[0m[0mdebug[0m] [0m[0mLoad.apply: config.delegates took 0.3254ms[0m
[0m[[0m[0mdebug[0m] [0m[0mLoad.apply: Def.make(settings)... took 242.7891ms[0m
[0m[[0m[0mdebug[0m] [0m[0mLoad.apply: structureIndex took 21.2655ms[0m
[0m[[0m[0mdebug[0m] [0m[0mLoad.apply: mkStreams took 0.0033ms[0m
[0m[[0m[0minfo[0m] [0m[0mset current project to ethernet-mac-chisel (in build file:/C:/Users/benja/ethernet-mac-chisel/)[0m
[0m[[0m[0mdebug[0m] [0m[0m> Exec(sbtPopOnFailure, None, None)[0m
[0m[[0m[0mdebug[0m] [0m[0m> Exec(resumeFromFailure, None, None)[0m
[0m[[0m[0mdebug[0m] [0m[0m> Exec(notifyUsersAboutShell, None, None)[0m
[0m[[0m[0mdebug[0m] [0m[0m> Exec(iflast shell, None, None)[0m
[0m[[0m[0mdebug[0m] [0m[0m> Exec(run, None, None)[0m
[0m[[0m[0mdebug[0m] [0m[0mEvaluating tasks: Compile / run[0m
[0m[[0m[0mdebug[0m] [0m[0mRunning task... Cancel: Signal, check cycles: false, forcegc: true[0m
[0m[[0m[0minfo[0m] [0m[0mcompiling 4 Scala sources to C:\Users\benja\ethernet-mac-chisel\target\scala-2.12\classes ...[0m
[0m[[0m[31merror[0m] [0m[0m## Exception when compiling 4 sources to C:\Users\benja\ethernet-mac-chisel\target\scala-2.12\classes[0m
[0m[[0m[31merror[0m] [0m[0mjava.lang.OutOfMemoryError: Java heap space[0m
[0m[[0m[31merror[0m] [0m[0mscala.collection.mutable.FlatHashTable.growTable(FlatHashTable.scala:222)[0m
[0m[[0m[31merror[0m] [0m[0mscala.collection.mutable.FlatHashTable.addEntry(FlatHashTable.scala:164)[0m
[0m[[0m[31merror[0m] [0m[0mscala.collection.mutable.FlatHashTable.addEntry$(FlatHashTable.scala:152)[0m
[0m[[0m[31merror[0m] [0m[0mscala.collection.mutable.HashSet.addEntry(HashSet.scala:41)[0m
[0m[[0m[31merror[0m] [0m[0mscala.collection.mutable.FlatHashTable.addElem(FlatHashTable.scala:144)[0m
[0m[[0m[31merror[0m] [0m[0mscala.collection.mutable.FlatHashTable.addElem$(FlatHashTable.scala:143)[0m
[0m[[0m[31merror[0m] [0m[0mscala.collection.mutable.HashSet.addElem(HashSet.scala:41)[0m
[0m[[0m[31merror[0m] [0m[0mscala.collection.mutable.HashSet.add(HashSet.scala:66)[0m
[0m[[0m[31merror[0m] [0m[0mscala.meta.internal.semanticdb.scalac.TextDocumentOps$XtensionCompilationUnitDocument$traverser$3$.traverse(TextDocumentOps.scala:406)[0m
[0m[[0m[31merror[0m] [0m[0mscala.meta.internal.semanticdb.scalac.TextDocumentOps$XtensionCompilationUnitDocument$traverser$3$.traverse(TextDocumentOps.scala:213)[0m
[0m[[0m[31merror[0m] [0m[0mscala.reflect.internal.Trees.traverseComponents$1(Trees.scala:1358)[0m
[0m[[0m[31merror[0m] [0m[0mscala.reflect.internal.Trees.itraverse(Trees.scala:1394)[0m
[0m[[0m[31merror[0m] [0m[0mscala.reflect.internal.Trees.itraverse$(Trees.scala:1264)[0m
[0m[[0m[31merror[0m] [0m[0mscala.reflect.internal.SymbolTable.itraverse(SymbolTable.scala:28)[0m
[0m[[0m[31merror[0m] [0m[0mscala.reflect.internal.SymbolTable.itraverse(SymbolTable.scala:28)[0m
[0m[[0m[31merror[0m] [0m[0mscala.reflect.api.Trees$Traverser.traverse(Trees.scala:2483)[0m
[0m[[0m[31merror[0m] [0m[0mscala.meta.internal.semanticdb.scalac.TextDocumentOps$XtensionCompilationUnitDocument$traverser$3$.traverse(TextDocumentOps.scala:525)[0m
[0m[[0m[31merror[0m] [0m[0mscala.meta.internal.semanticdb.scalac.TextDocumentOps$XtensionCompilationUnitDocument$traverser$3$.traverse(TextDocumentOps.scala:432)[0m
[0m[[0m[31merror[0m] [0m[0mscala.meta.internal.semanticdb.scalac.TextDocumentOps$XtensionCompilationUnitDocument$traverser$3$.traverse(TextDocumentOps.scala:213)[0m
[0m[[0m[31merror[0m] [0m[0mscala.reflect.api.Trees$Traverser.$anonfun$traverseTrees$1(Trees.scala:2492)[0m
[0m[[0m[31merror[0m] [0m[0mscala.reflect.api.Trees$Traverser.traverseTrees(Trees.scala:2492)[0m
[0m[[0m[31merror[0m] [0m[0mscala.reflect.api.Trees$Traverser.traverseTypeArgs(Trees.scala:2493)[0m
[0m[[0m[31merror[0m] [0m[0mscala.reflect.internal.Trees.traverseComponents$1(Trees.scala:1345)[0m
[0m[[0m[31merror[0m] [0m[0mscala.reflect.internal.Trees.itraverse(Trees.scala:1394)[0m
[0m[[0m[31merror[0m] [0m[0mscala.reflect.internal.Trees.itraverse$(Trees.scala:1264)[0m
[0m[[0m[31merror[0m] [0m[0mscala.reflect.internal.SymbolTable.itraverse(SymbolTable.scala:28)[0m
[0m[[0m[31merror[0m] [0m[0mscala.reflect.internal.SymbolTable.itraverse(SymbolTable.scala:28)[0m
[0m[[0m[31merror[0m] [0m[0mscala.reflect.api.Trees$Traverser.traverse(Trees.scala:2483)[0m
[0m[[0m[31merror[0m] [0m[0mscala.meta.internal.semanticdb.scalac.TextDocumentOps$XtensionCompilationUnitDocument$traverser$3$.traverse(TextDocumentOps.scala:525)[0m
[0m[[0m[31merror[0m] [0m[0mscala.meta.internal.semanticdb.scalac.TextDocumentOps$XtensionCompilationUnitDocument$traverser$3$.traverse(TextDocumentOps.scala:213)[0m
[0m[[0m[31merror[0m] [0m[0mscala.reflect.internal.Trees.traverseComponents$1(Trees.scala:1347)[0m
[0m[[0m[31merror[0m] [0m[0mscala.reflect.internal.Trees.itraverse(Trees.scala:1394)[0m
[0m[[0m[31merror[0m] [0m[0m           [0m
